<?xml version="1.0" encoding="UTF-8"?>
<robot generator="Robot 3.2.2 (Python 3.8.5 on win32)" generated="20220715 13:46:17.516" rpa="false">
<suite id="s1" name="Draganddrop" source="C:\Users\dell\PycharmProjects\Automation\Testcasess\draganddrop.robot">
<test id="s1-t1" name="Testing Radio Buttons nad Check Boxes">
<kw name="Open Browser" library="SeleniumLibrary">
<doc>Opens a new browser instance to the optional ``url``.</doc>
<arguments>
<arg>${url}</arg>
<arg>${browser}</arg>
</arguments>
<msg timestamp="20220715 13:46:17.880" level="INFO">Opening browser 'chrome' to base url 'http://dhtmlgoodies.com/scripts/drag-drop-custom/demo-drag-drop-3.html'.</msg>
<status status="PASS" starttime="20220715 13:46:17.880" endtime="20220715 13:46:23.159"></status>
</kw>
<kw name="Maximize Browser Window" library="SeleniumLibrary">
<doc>Maximizes current browser window.</doc>
<status status="PASS" starttime="20220715 13:46:23.159" endtime="20220715 13:46:23.291"></status>
</kw>
<kw name="Drag And Drop" library="SeleniumLibrary">
<doc>Drags the element identified by ``locator`` into the ``target`` element.</doc>
<arguments>
<arg>id:box6</arg>
<arg>id:box106</arg>
</arguments>
<status status="PASS" starttime="20220715 13:46:23.292" endtime="20220715 13:46:23.952"></status>
</kw>
<kw name="Sleep" library="BuiltIn">
<doc>Pauses the test executed for the given time.</doc>
<arguments>
<arg>2</arg>
</arguments>
<msg timestamp="20220715 13:46:25.965" level="INFO">Slept 2 seconds</msg>
<status status="PASS" starttime="20220715 13:46:23.953" endtime="20220715 13:46:25.965"></status>
</kw>
<kw name="Close Browser" library="SeleniumLibrary">
<doc>Closes the current browser.</doc>
<status status="PASS" starttime="20220715 13:46:25.966" endtime="20220715 13:46:28.224"></status>
</kw>
<status status="PASS" starttime="20220715 13:46:17.879" endtime="20220715 13:46:28.225" critical="yes"></status>
</test>
<status status="PASS" starttime="20220715 13:46:17.518" endtime="20220715 13:46:28.227"></status>
</suite>
<statistics>
<total>
<stat pass="1" fail="0">Critical Tests</stat>
<stat pass="1" fail="0">All Tests</stat>
</total>
<tag>
</tag>
<suite>
<stat pass="1" fail="0" id="s1" name="Draganddrop">Draganddrop</stat>
</suite>
</statistics>
<errors>
</errors>
</robot>
