<?xml version="1.0" encoding="UTF-8"?>
<robot generator="Robot 3.2.2 (Python 3.8.5 on win32)" generated="20220708 23:37:45.518" rpa="false">
<suite id="s1" name="Suites">
<suite id="s1-s1" name="Alerts" source="C:\Users\dell\PycharmProjects\Automation\sample\Alerts.robot">
<test id="s1-s1-t1" name="Handling Alerts">
<kw name="Open Browser" library="SeleniumLibrary">
<doc>Opens a new browser instance to the optional ``url``.</doc>
<arguments>
<arg>${url}</arg>
<arg>${browser}</arg>
</arguments>
<msg timestamp="20220708 23:37:45.935" level="INFO">Opening browser 'chrome' to base url 'https://courses.letskodeit.com/practice'.</msg>
<status status="PASS" starttime="20220708 23:37:45.933" endtime="20220708 23:38:02.144"></status>
</kw>
<kw name="Maximize Browser Window" library="SeleniumLibrary">
<doc>Maximizes current browser window.</doc>
<status status="PASS" starttime="20220708 23:38:02.145" endtime="20220708 23:38:02.286"></status>
</kw>
<kw name="Set Selenium Implicit Wait" library="SeleniumLibrary">
<doc>Sets the implicit wait value used by Selenium.</doc>
<arguments>
<arg>10</arg>
</arguments>
<status status="PASS" starttime="20220708 23:38:02.287" endtime="20220708 23:38:02.289"></status>
</kw>
<kw name="Click Element" library="SeleniumLibrary">
<doc>Click the element identified by ``locator``.</doc>
<arguments>
<arg>//input[@id='alertbtn']</arg>
</arguments>
<msg timestamp="20220708 23:38:02.290" level="INFO">Clicking element '//input[@id='alertbtn']'.</msg>
<status status="PASS" starttime="20220708 23:38:02.289" endtime="20220708 23:38:02.374"></status>
</kw>
<kw name="Sleep" library="BuiltIn">
<doc>Pauses the test executed for the given time.</doc>
<arguments>
<arg>2</arg>
</arguments>
<msg timestamp="20220708 23:38:04.385" level="INFO">Slept 2 seconds</msg>
<status status="PASS" starttime="20220708 23:38:02.376" endtime="20220708 23:38:04.386"></status>
</kw>
<kw name="Handle Alert" library="SeleniumLibrary">
<doc>Handles the current alert and returns its message.</doc>
<arguments>
<arg>accept</arg>
</arguments>
<msg timestamp="20220708 23:38:04.387" level="INFO">HANDLE::&lt;class 'NoneType'&gt;::None</msg>
<status status="PASS" starttime="20220708 23:38:04.386" endtime="20220708 23:38:04.400"></status>
</kw>
<kw name="Alert Should Not Be Present" library="SeleniumLibrary">
<doc>Verifies that no alert is present.</doc>
<arguments>
<arg>Hello , share this practice page and share your knowledge</arg>
</arguments>
<status status="PASS" starttime="20220708 23:38:04.401" endtime="20220708 23:38:09.561"></status>
</kw>
<kw name="Close Browser" library="SeleniumLibrary">
<doc>Closes the current browser.</doc>
<status status="PASS" starttime="20220708 23:38:09.561" endtime="20220708 23:38:11.775"></status>
</kw>
<status status="PASS" starttime="20220708 23:37:45.931" endtime="20220708 23:38:11.776" critical="yes"></status>
</test>
<status status="PASS" starttime="20220708 23:37:45.574" endtime="20220708 23:38:11.778"></status>
</suite>
<status status="PASS" starttime="20220708 23:37:45.541" endtime="20220708 23:38:11.785"></status>
</suite>
<statistics>
<total>
<stat pass="1" fail="0">Critical Tests</stat>
<stat pass="1" fail="0">All Tests</stat>
</total>
<tag>
</tag>
<suite>
<stat pass="1" fail="0" id="s1" name="Suites">Suites</stat>
<stat pass="1" fail="0" id="s1-s1" name="Alerts">Suites.Alerts</stat>
</suite>
</statistics>
<errors>
</errors>
</robot>
