<?xml version="1.0" encoding="UTF-8"?>
<robot generator="Robot 3.2.2 (Python 3.8.5 on win32)" generated="20220708 23:37:45.506" rpa="false">
<suite id="s1" name="Suites">
<suite id="s1-s1" name="Draganddrop" source="C:\Users\dell\PycharmProjects\Automation\sample\draganddrop.robot">
<test id="s1-s1-t1" name="drag and Drop test">
<kw name="Open Browser" library="SeleniumLibrary">
<doc>Opens a new browser instance to the optional ``url``.</doc>
<arguments>
<arg>${url}</arg>
<arg>${browser}</arg>
</arguments>
<msg timestamp="20220708 23:37:45.926" level="INFO">Opening browser 'chrome' to base url 'http://dhtmlgoodies.com/scripts/drag-drop-custom/demo-drag-drop-3.html'.</msg>
<status status="PASS" starttime="20220708 23:37:45.925" endtime="20220708 23:37:54.106"></status>
</kw>
<kw name="Maximize Browser Window" library="SeleniumLibrary">
<doc>Maximizes current browser window.</doc>
<status status="PASS" starttime="20220708 23:37:54.107" endtime="20220708 23:37:54.257"></status>
</kw>
<kw name="Set Selenium Implicit Wait" library="SeleniumLibrary">
<doc>Sets the implicit wait value used by Selenium.</doc>
<arguments>
<arg>10</arg>
</arguments>
<status status="PASS" starttime="20220708 23:37:54.257" endtime="20220708 23:37:54.260"></status>
</kw>
<kw name="Drag And Drop" library="SeleniumLibrary">
<doc>Drags the element identified by ``locator`` into the ``target`` element.</doc>
<arguments>
<arg>id:box6</arg>
<arg>id:box106</arg>
</arguments>
<status status="PASS" starttime="20220708 23:37:54.260" endtime="20220708 23:37:54.853"></status>
</kw>
<kw name="Sleep" library="BuiltIn">
<doc>Pauses the test executed for the given time.</doc>
<arguments>
<arg>2</arg>
</arguments>
<msg timestamp="20220708 23:37:56.865" level="INFO">Slept 2 seconds</msg>
<status status="PASS" starttime="20220708 23:37:54.855" endtime="20220708 23:37:56.866"></status>
</kw>
<kw name="Close Browser" library="SeleniumLibrary">
<doc>Closes the current browser.</doc>
<status status="PASS" starttime="20220708 23:37:56.866" endtime="20220708 23:38:01.075"></status>
</kw>
<status status="PASS" starttime="20220708 23:37:45.924" endtime="20220708 23:38:01.076" critical="yes"></status>
</test>
<status status="PASS" starttime="20220708 23:37:45.575" endtime="20220708 23:38:01.079"></status>
</suite>
<status status="PASS" starttime="20220708 23:37:45.541" endtime="20220708 23:38:01.149"></status>
</suite>
<statistics>
<total>
<stat pass="1" fail="0">Critical Tests</stat>
<stat pass="1" fail="0">All Tests</stat>
</total>
<tag>
</tag>
<suite>
<stat pass="1" fail="0" id="s1" name="Suites">Suites</stat>
<stat pass="1" fail="0" id="s1-s1" name="Draganddrop">Suites.Draganddrop</stat>
</suite>
</statistics>
<errors>
</errors>
</robot>
